[    0.000000] Linux version 4.15.0-212-generic (buildd@lcy02-amd64-083) (gcc version 7.5.0 (Ubuntu 7.5.0-3ubuntu1~18.04)) #223-Ubuntu SMP Tue May 23 13:09:22 UTC 2023 (Ubuntu 4.15.0-212.223-generic 4.15.18)
[    0.000000] Command line: BOOT_IMAGE=/boot/vmlinuz-4.15.0-212-generic root=LABEL=cloudimg-rootfs ro console=tty1 console=ttyS0
[    0.000000] KERNEL supported cpus:
[    0.000000]   Intel GenuineIntel
[    0.000000]   AMD AuthenticAMD
[    0.000000]   Centaur CentaurHauls
[    0.000000] x86/fpu: Supporting XSAVE feature 0x001: 'x87 floating point registers'
[    0.000000] x86/fpu: Supporting XSAVE feature 0x002: 'SSE registers'
[    0.000000] x86/fpu: Supporting XSAVE feature 0x004: 'AVX registers'
[    0.000000] x86/fpu: xstate_offset[2]:  576, xstate_sizes[2]:  256
[    0.000000] x86/fpu: Enabled xstate features 0x7, context size is 832 bytes, using 'standard' format.
[    0.000000] e820: BIOS-provided physical RAM map:
[    0.000000] BIOS-e820: [mem 0x0000000000000000-0x000000000009fbff] usable
[    0.000000] BIOS-e820: [mem 0x000000000009fc00-0x000000000009ffff] reserved
[    0.000000] BIOS-e820: [mem 0x00000000000f0000-0x00000000000fffff] reserved
[    0.000000] BIOS-e820: [mem 0x0000000000100000-0x000000003ffeffff] usable
[    0.000000] BIOS-e820: [mem 0x000000003fff0000-0x000000003fffffff] ACPI data
[    0.000000] BIOS-e820: [mem 0x00000000fec00000-0x00000000fec00fff] reserved
[    0.000000] BIOS-e820: [mem 0x00000000fee00000-0x00000000fee00fff] reserved
[    0.000000] BIOS-e820: [mem 0x00000000fffc0000-0x00000000ffffffff] reserved
[    0.000000] NX (Execute Disable) protection: active
[    0.000000] SMBIOS 2.5 present.
[    0.000000] DMI: innotek GmbH VirtualBox/VirtualBox, BIOS VirtualBox 12/01/2006
[    0.000000] Hypervisor detected: KVM
[    0.000000] e820: last_pfn = 0x3fff0 max_arch_pfn = 0x400000000
[    0.000000] MTRR: Disabled
[    0.000000] x86/PAT: MTRRs disabled, skipping PAT initialization too.
[    0.000000] CPU MTRRs all blank - virtualized system.
[    0.000000] x86/PAT: Configuration [0-7]: WB  WT  UC- UC  WB  WT  UC- UC  
[    0.000000] found SMP MP-table at [mem 0x0009fff0-0x0009ffff]
[    0.000000] Scanning 1 areas for low memory corruption
[    0.000000] RAMDISK: [mem 0x359cb000-0x36cdcfff]
[    0.000000] ACPI: Early table checksum verification disabled
[    0.000000] ACPI: RSDP 0x00000000000E0000 000024 (v02 VBOX  )
[    0.000000] ACPI: XSDT 0x000000003FFF0030 00003C (v01 VBOX   VBOXXSDT 00000001 ASL  00000061)
[    0.000000] ACPI: FACP 0x000000003FFF00F0 0000F4 (v04 VBOX   VBOXFACP 00000001 ASL  00000061)
[    0.000000] ACPI: DSDT 0x000000003FFF0610 002353 (v02 VBOX   VBOXBIOS 00000002 INTL 20210930)
[    0.000000] ACPI: FACS 0x000000003FFF0200 000040
[    0.000000] ACPI: FACS 0x000000003FFF0200 000040
[    0.000000] ACPI: APIC 0x000000003FFF0240 00005C (v02 VBOX   VBOXAPIC 00000001 ASL  00000061)
[    0.000000] ACPI: SSDT 0x000000003FFF02A0 00036C (v01 VBOX   VBOXCPUT 00000002 INTL 20210930)
[    0.000000] ACPI: Reserving FACP table memory at [mem 0x3fff00f0-0x3fff01e3]
[    0.000000] ACPI: Reserving DSDT table memory at [mem 0x3fff0610-0x3fff2962]
[    0.000000] ACPI: Reserving FACS table memory at [mem 0x3fff0200-0x3fff023f]
[    0.000000] ACPI: Reserving FACS table memory at [mem 0x3fff0200-0x3fff023f]
[    0.000000] ACPI: Reserving APIC table memory at [mem 0x3fff0240-0x3fff029b]
[    0.000000] ACPI: Reserving SSDT table memory at [mem 0x3fff02a0-0x3fff060b]
[    0.000000] No NUMA configuration found
[    0.000000] Faking a node at [mem 0x0000000000000000-0x000000003ffeffff]
[    0.000000] NODE_DATA(0) allocated [mem 0x3ffc5000-0x3ffeffff]
[    0.000000] kvm-clock: cpu 0, msr 0:3ff44001, primary cpu clock
[    0.000000] kvm-clock: Using msrs 4b564d01 and 4b564d00
[    0.000000] kvm-clock: using sched offset of 3132707006 cycles
[    0.000000] clocksource: kvm-clock: mask: 0xffffffffffffffff max_cycles: 0x1cd42e4dffb, max_idle_ns: 881590591483 ns
[    0.000000] Zone ranges:
[    0.000000]   DMA      [mem 0x0000000000001000-0x0000000000ffffff]
[    0.000000]   DMA32    [mem 0x0000000001000000-0x000000003ffeffff]
[    0.000000]   Normal   empty
[    0.000000]   Device   empty
[    0.000000] Movable zone start for each node
[    0.000000] Early memory node ranges
[    0.000000]   node   0: [mem 0x0000000000001000-0x000000000009efff]
[    0.000000]   node   0: [mem 0x0000000000100000-0x000000003ffeffff]
[    0.000000] Reserved but unavailable: 104 pages
[    0.000000] Initmem setup node 0 [mem 0x0000000000001000-0x000000003ffeffff]
[    0.000000] ACPI: PM-Timer IO Port: 0x4008
[    0.000000] IOAPIC[0]: apic_id 2, version 32, address 0xfec00000, GSI 0-23
[    0.000000] ACPI: INT_SRC_OVR (bus 0 bus_irq 0 global_irq 2 dfl dfl)
[    0.000000] ACPI: INT_SRC_OVR (bus 0 bus_irq 9 global_irq 9 low level)
[    0.000000] Using ACPI (MADT) for SMP configuration information
[    0.000000] smpboot: Allowing 2 CPUs, 0 hotplug CPUs
[    0.000000] PM: Registered nosave memory: [mem 0x00000000-0x00000fff]
[    0.000000] PM: Registered nosave memory: [mem 0x0009f000-0x0009ffff]
[    0.000000] PM: Registered nosave memory: [mem 0x000a0000-0x000effff]
[    0.000000] PM: Registered nosave memory: [mem 0x000f0000-0x000fffff]
[    0.000000] e820: [mem 0x40000000-0xfebfffff] available for PCI devices
[    0.000000] Booting paravirtualized kernel on KVM
[    0.000000] clocksource: refined-jiffies: mask: 0xffffffff max_cycles: 0xffffffff, max_idle_ns: 7645519600211568 ns
[    0.000000] setup_percpu: NR_CPUS:8192 nr_cpumask_bits:2 nr_cpu_ids:2 nr_node_ids:1
[    0.000000] percpu: Embedded 50 pages/cpu s167936 r8192 d28672 u1048576
[    0.000000] PV qspinlock hash table entries: 256 (order: 0, 4096 bytes)
[    0.000000] Built 1 zonelists, mobility grouping on.  Total pages: 257913
[    0.000000] Policy zone: DMA32
[    0.000000] Kernel command line: BOOT_IMAGE=/boot/vmlinuz-4.15.0-212-generic root=LABEL=cloudimg-rootfs ro console=tty1 console=ttyS0
[    0.000000] Memory: 982644K/1048120K available (12300K kernel code, 2477K rwdata, 4324K rodata, 2480K init, 2720K bss, 65476K reserved, 0K cma-reserved)
[    0.000000] SLUB: HWalign=64, Order=0-3, MinObjects=0, CPUs=2, Nodes=1
[    0.000000] Kernel/User page tables isolation: enabled
[    0.000000] ftrace: allocating 39508 entries in 155 pages
[    0.004000] Hierarchical RCU implementation.
[    0.004000] 	RCU restricting CPUs from NR_CPUS=8192 to nr_cpu_ids=2.
[    0.004000] 	Tasks RCU enabled.
[    0.004000] RCU: Adjusting geometry for rcu_fanout_leaf=16, nr_cpu_ids=2
[    0.004000] NR_IRQS: 524544, nr_irqs: 440, preallocated irqs: 16
[    0.004000] random: crng init done
[    0.004000] Console: colour VGA+ 80x25
[    0.004000] console [tty1] enabled
[    0.004000] console [ttyS0] enabled
[    0.004000] ACPI: Core revision 20170831
[    0.004000] ACPI: 2 ACPI AML tables successfully acquired and loaded
[    0.004000] APIC: Switch to symmetric I/O mode setup
[    0.004392] x2apic enabled
[    0.007697] Switched APIC routing to physical x2apic.
[    0.012000] ..TIMER: vector=0x30 apic1=0 pin1=2 apic2=-1 pin2=-1
[    0.012002] tsc: Detected 2595.234 MHz processor
[    0.016008] Calibrating delay loop (skipped) preset value.. 5190.46 BogoMIPS (lpj=10380936)
[    0.020002] pid_max: default: 32768 minimum: 301
[    0.024034] Security Framework initialized
[    0.026553] Yama: becoming mindful.
[    0.028037] AppArmor: AppArmor initialized
[    0.032539] Dentry cache hash table entries: 131072 (order: 8, 1048576 bytes)
[    0.036643] Inode-cache hash table entries: 65536 (order: 7, 524288 bytes)
[    0.040031] Mount-cache hash table entries: 2048 (order: 2, 16384 bytes)
[    0.044024] Mountpoint-cache hash table entries: 2048 (order: 2, 16384 bytes)
[    0.049236] Last level iTLB entries: 4KB 64, 2MB 8, 4MB 8
[    0.052002] Last level dTLB entries: 4KB 64, 2MB 0, 4MB 0, 1GB 4
[    0.056016] Spectre V1 : Mitigation: usercopy/swapgs barriers and __user pointer sanitization
[    0.060002] Spectre V2 : Mitigation: Retpolines
[    0.064002] Spectre V2 : Spectre v2 / SpectreRSB mitigation: Filling RSB on context switch
[    0.068002] Spectre V2 : Spectre v2 / SpectreRSB : Filling RSB on VMEXIT
[    0.072002] RETBleed: WARNING: Spectre v2 mitigation leaves CPU vulnerable to RETBleed attacks, data leaks possible!
[    0.076002] RETBleed: Vulnerable
[    0.078057] Speculative Store Bypass: Vulnerable
[    0.080092] MDS: Mitigation: Clear CPU buffers
[    0.082787] MMIO Stale Data: Mitigation: Clear CPU buffers
[    0.084015] SRBDS: Unknown: Dependent on hypervisor status
[    0.088149] Freeing SMP alternatives memory: 36K
[    0.204384] smpboot: CPU0: Intel(R) Core(TM) i7-9750H CPU @ 2.60GHz (family: 0x6, model: 0x9e, stepping: 0xa)
[    0.208193] Performance Events: unsupported p6 CPU model 158 no PMU driver, software events only.
[    0.212076] Hierarchical SRCU implementation.
[    0.216532] NMI watchdog: Perf event create on CPU 0 failed with -2
[    0.220002] NMI watchdog: Perf NMI watchdog permanently disabled
[    0.224121] smp: Bringing up secondary CPUs ...
[    0.227054] x86: Booting SMP configuration:
[    0.228002] .... node  #0, CPUs:      #1
[    0.004000] kvm-clock: cpu 1, msr 0:3ff44041, secondary cpu clock
[    0.236118] smp: Brought up 1 node, 2 CPUs
[    0.238512] smpboot: Max logical packages: 1
[    0.240004] smpboot: Total of 2 processors activated (10380.93 BogoMIPS)
[    0.244192] devtmpfs: initialized
[    0.246058] x86/mm: Memory block size: 128MB
[    0.248200] evm: security.selinux
[    0.250141] evm: security.SMACK64
[    0.252002] evm: security.SMACK64EXEC
[    0.254131] evm: security.SMACK64TRANSMUTE
[    0.256000] evm: security.SMACK64MMAP
[    0.256002] evm: security.apparmor
[    0.258030] evm: security.ima
[    0.260002] evm: security.capability
[    0.262183] clocksource: jiffies: mask: 0xffffffff max_cycles: 0xffffffff, max_idle_ns: 7645041785100000 ns
[    0.264031] futex hash table entries: 512 (order: 3, 32768 bytes)
[    0.268079] pinctrl core: initialized pinctrl subsystem
[    0.271456] RTC time: 15:32:00, date: 10/25/24
[    0.272322] NET: Registered protocol family 16
[    0.276069] audit: initializing netlink subsys (disabled)
[    0.280061] audit: type=2000 audit(1729870325.423:1): state=initialized audit_enabled=0 res=1
[    0.284005] cpuidle: using governor ladder
[    0.286484] cpuidle: using governor menu
[    0.288034] ACPI: bus type PCI registered
[    0.290365] acpiphp: ACPI Hot Plug PCI Controller Driver version: 0.5
[    0.292309] PCI: Using configuration type 1 for base access
[    0.300102] HugeTLB registered 2.00 MiB page size, pre-allocated 0 pages
[    0.304154] ACPI: Added _OSI(Module Device)
[    0.308027] ACPI: Added _OSI(Processor Device)
[    0.310528] ACPI: Added _OSI(3.0 _SCP Extensions)
[    0.312006] ACPI: Added _OSI(Processor Aggregator Device)
[    0.316003] ACPI: Added _OSI(Linux-Dell-Video)
[    0.318515] ACPI: Added _OSI(Linux-Lenovo-NV-HDMI-Audio)
[    0.320002] ACPI: Added _OSI(Linux-HPI-Hybrid-Graphics)
[    0.324569] ACPI: Executed 1 blocks of module-level executable AML code
[    0.331300] ACPI: Interpreter enabled
[    0.332010] ACPI: (supports S0 S5)
[    0.333997] ACPI: Using IOAPIC for interrupt routing
[    0.336332] PCI: Using host bridge windows from ACPI; if necessary, use "pci=nocrs" and report a bug
[    0.340198] ACPI: Enabled 2 GPEs in block 00 to 07
[    0.354058] ACPI: PCI Root Bridge [PCI0] (domain 0000 [bus 00-ff])
[    0.356006] acpi PNP0A03:00: _OSC: OS supports [ASPM ClockPM Segments MSI]
[    0.360650] acpi PNP0A03:00: _OSC: not requesting OS control; OS requires [ExtendedConfig ASPM ClockPM MSI]
[    0.364009] acpi PNP0A03:00: fail to add MMCONFIG information, can't access extended PCI configuration space under this bridge.
[    0.368595] PCI host bridge to bus 0000:00
[    0.372003] pci_bus 0000:00: root bus resource [io  0x0000-0x0cf7 window]
[    0.375718] pci_bus 0000:00: root bus resource [io  0x0d00-0xffff window]
[    0.376003] pci_bus 0000:00: root bus resource [mem 0x000a0000-0x000bffff window]
[    0.380003] pci_bus 0000:00: root bus resource [mem 0x40000000-0xfdffffff window]
[    0.384003] pci_bus 0000:00: root bus resource [bus 00-ff]
[    0.395533] pci 0000:00:01.1: legacy IDE quirk: reg 0x10: [io  0x01f0-0x01f7]
[    0.396002] pci 0000:00:01.1: legacy IDE quirk: reg 0x14: [io  0x03f6]
[    0.400002] pci 0000:00:01.1: legacy IDE quirk: reg 0x18: [io  0x0170-0x0177]
[    0.404002] pci 0000:00:01.1: legacy IDE quirk: reg 0x1c: [io  0x0376]
[    0.466330] pci 0000:00:07.0: quirk: [io  0x4000-0x403f] claimed by PIIX4 ACPI
[    0.468030] pci 0000:00:07.0: quirk: [io  0x4100-0x410f] claimed by PIIX4 SMB
[    0.485946] ACPI: PCI Interrupt Link [LNKA] (IRQs 5 9 10 *11)
[    0.488466] ACPI: PCI Interrupt Link [LNKB] (IRQs 5 9 *10 11)
[    0.492174] ACPI: PCI Interrupt Link [LNKC] (IRQs 5 *9 10 11)
[    0.496173] ACPI: PCI Interrupt Link [LNKD] (IRQs 5 9 10 *11)
[    0.499839] SCSI subsystem initialized
[    0.500142] pci 0000:00:02.0: vgaarb: setting as boot VGA device
[    0.504000] pci 0000:00:02.0: vgaarb: VGA device added: decodes=io+mem,owns=io+mem,locks=none
[    0.504004] pci 0000:00:02.0: vgaarb: bridge control possible
[    0.508002] vgaarb: loaded
[    0.509680] ACPI: bus type USB registered
[    0.512014] usbcore: registered new interface driver usbfs
[    0.516016] usbcore: registered new interface driver hub
[    0.518991] usbcore: registered new device driver usb
[    0.520084] EDAC MC: Ver: 3.0.0
[    0.524651] PCI: Using ACPI for IRQ routing
[    0.527081] NetLabel: Initializing
[    0.528002] NetLabel:  domain hash size = 128
[    0.532002] NetLabel:  protocols = UNLABELED CIPSOv4 CALIPSO
[    0.535201] NetLabel:  unlabeled traffic allowed by default
[    0.536299] clocksource: Switched to clocksource kvm-clock
[    0.556638] VFS: Disk quotas dquot_6.6.0
[    0.558911] VFS: Dquot-cache hash table entries: 512 (order 0, 4096 bytes)
[    0.562852] AppArmor: AppArmor Filesystem Enabled
[    0.565571] pnp: PnP ACPI init
[    0.569076] pnp: PnP ACPI: found 3 devices
[    0.587082] clocksource: acpi_pm: mask: 0xffffff max_cycles: 0xffffff, max_idle_ns: 2085701024 ns
[    0.592643] NET: Registered protocol family 2
[    0.595841] IP idents hash table entries: 16384 (order: 5, 131072 bytes)
[    0.600159] TCP established hash table entries: 8192 (order: 4, 65536 bytes)
[    0.604016] TCP bind hash table entries: 8192 (order: 5, 131072 bytes)
[    0.608202] TCP: Hash tables configured (established 8192 bind 8192)
[    0.612025] UDP hash table entries: 512 (order: 2, 16384 bytes)
[    0.616046] UDP-Lite hash table entries: 512 (order: 2, 16384 bytes)
[    0.619789] NET: Registered protocol family 1
[    0.622480] pci 0000:00:00.0: Limiting direct PCI/PCI transfers
[    0.626059] pci 0000:00:01.0: Activating ISA DMA hang workarounds
[    0.629809] pci 0000:00:02.0: Video device with shadowed ROM at [mem 0x000c0000-0x000dffff]
[    0.635412] Unpacking initramfs...
[    0.939065] Freeing initrd memory: 19528K
[    0.942049] clocksource: tsc: mask: 0xffffffffffffffff max_cycles: 0x2568a5d1c26, max_idle_ns: 440795320842 ns
[    0.947689] platform rtc_cmos: registered platform RTC device (no PNP device found)
[    0.952107] Scanning for low memory corruption every 60 seconds
[    0.956567] Initialise system trusted keyrings
[    0.959032] Key type blacklist registered
[    0.961658] workingset: timestamp_bits=36 max_order=18 bucket_order=0
[    0.966672] zbud: loaded
[    0.968872] squashfs: version 4.0 (2009/01/31) Phillip Lougher
[    0.972545] fuse init (API version 7.26)
[    0.980240] Key type asymmetric registered
[    0.982534] Asymmetric key parser 'x509' registered
[    0.985332] Block layer SCSI generic (bsg) driver version 0.4 loaded (major 246)
[    0.989622] io scheduler noop registered
[    0.992136] io scheduler deadline registered
[    0.994703] io scheduler cfq registered (default)
[    0.998101] ACPI: AC Adapter [AC] (on-line)
[    1.000642] input: Power Button as /devices/LNXSYSTM:00/LNXPWRBN:00/input/input0
[    1.004933] ACPI: Power Button [PWRF]
[    1.007432] input: Sleep Button as /devices/LNXSYSTM:00/LNXSLPBN:00/input/input1
[    1.011678] ACPI: Sleep Button [SLPF]
[    1.016229] Serial: 8250/16550 driver, 32 ports, IRQ sharing enabled
[    1.016367] ACPI: Battery Slot [BAT0] (battery present)
[    1.048962] 00:02: ttyS0 at I/O 0x3f8 (irq = 4, base_baud = 115200) is a 16550A
[    1.052276] Linux agpgart interface v0.103
[    1.060682] loop: module loaded
[    1.064715] scsi host0: ata_piix
[    1.067558] scsi host1: ata_piix
[    1.069734] ata1: PATA max UDMA/33 cmd 0x1f0 ctl 0x3f6 bmdma 0xd000 irq 14
[    1.073749] ata2: PATA max UDMA/33 cmd 0x170 ctl 0x376 bmdma 0xd008 irq 15
[    1.078608] tun: Universal TUN/TAP device driver, 1.6
[    1.081985] PPP generic driver version 2.4.2
[    1.084839] ehci_hcd: USB 2.0 'Enhanced' Host Controller (EHCI) Driver
[    1.085940] ehci-pci: EHCI PCI platform driver
[    1.085940] ehci-platform: EHCI generic platform driver
[    1.094716] ohci_hcd: USB 1.1 'Open' Host Controller (OHCI) Driver
[    1.098448] ohci-pci: OHCI PCI platform driver
[    1.101259] ohci-platform: OHCI generic platform driver
[    1.104492] uhci_hcd: USB Universal Host Controller Interface driver
[    1.108282] i8042: PNP: PS/2 Controller [PNP0303:PS2K,PNP0f03:PS2M] at 0x60,0x64 irq 1,12
[    1.115678] serio: i8042 KBD port at 0x60,0x64 irq 1
[    1.118175] serio: i8042 AUX port at 0x60,0x64 irq 12
[    1.118175] mousedev: PS/2 mouse device common for all mice
[    1.126370] input: AT Translated Set 2 keyboard as /devices/platform/i8042/serio0/input/input2
[    1.132993] rtc_cmos rtc_cmos: rtc core: registered rtc_cmos as rtc0
[    1.137180] rtc_cmos rtc_cmos: alarms up to one day, 114 bytes nvram
[    1.140981] i2c /dev entries driver
[    1.140981] device-mapper: uevent: version 1.0.3
[    1.147080] device-mapper: ioctl: 4.37.0-ioctl (2017-09-20) initialised: dm-devel@redhat.com
[    1.152998] ledtrig-cpu: registered to indicate activity on CPUs
[    1.158817] NET: Registered protocol family 10
[    1.168519] Segment Routing with IPv6
[    1.170950] NET: Registered protocol family 17
[    1.174073] Key type dns_resolver registered
[    1.177951] mce: Using 0 MCE banks
[    1.180197] RAS: Correctable Errors collector initialized.
[    1.181877] sched_clock: Marking stable (1177877364, 0)->(1650196910, -472319546)
[    1.189395] registered taskstats version 1
[    1.191978] Loading compiled-in X.509 certificates
[    1.198259] Loaded X.509 cert 'Build time autogenerated kernel key: b5b26778eaa3ab3a4a6cee031137706e947d12ad'
[    1.204457] Loaded X.509 cert 'Canonical Ltd. Live Patch Signing: 14df34d1a87cf37625abec039ef2bf521249b969'
[    1.210404] Loaded X.509 cert 'Canonical Ltd. Kernel Module Signing: 88f752e560a1e0737e31163a466ad7b70a850c19'
[    1.216655] blacklist: Loading compiled-in revocation X.509 certificates
[    1.220568] Loaded X.509 cert 'Canonical Ltd. Secure Boot Signing: 61482aa2830d0ab2ad5af10b7250da9033ddcef0'
[    1.226285] Loaded X.509 cert 'Canonical Ltd. Secure Boot Signing (2017): 242ade75ac4a15e50d50c84b0d45ff3eae707a03'
[    1.232238] Loaded X.509 cert 'Canonical Ltd. Secure Boot Signing (ESM 2018): 365188c1d374d6b07c3c8f240f8ef722433d6a8b'
[    1.238265] Loaded X.509 cert 'Canonical Ltd. Secure Boot Signing (2019): c0746fd6c5da3ae827864651ad66ae47fe24b3e8'
[    1.244292] Loaded X.509 cert 'Canonical Ltd. Secure Boot Signing (2021 v1): a8d54bbb3825cfb94fa13c9f8a594a195c107b8d'
[    1.250292] Loaded X.509 cert 'Canonical Ltd. Secure Boot Signing (2021 v2): 4cf046892d6fd3c9a5b03f98d845f90851dc6a8c'
[    1.256586] Loaded X.509 cert 'Canonical Ltd. Secure Boot Signing (2021 v3): 100437bb6de6e469b581e61cd66bce3ef4ed53af'
[    1.264023] Loaded X.509 cert 'Canonical Ltd. Secure Boot Signing (Ubuntu Core 2019): c1d57b8f6b743f23ee41f4f7ee292f06eecadfb9'
[    1.271414] zswap: loaded using pool lzo/zbud
[    1.309434] Key type big_key registered
[    1.311904] Key type trusted registered
[    1.317177] Key type encrypted registered
[    1.319734] AppArmor: AppArmor sha1 policy hashing enabled
[    1.323068] ima: No TPM chip found, activating TPM-bypass! (rc=-19)
[    1.327620] ima: Allocated hash algorithm: sha1
[    1.330673] evm: HMAC attrs: 0x1
[    1.333522]   Magic number: 12:971:538
[    1.335995] tty ttyS18: hash matches
[    1.338843] rtc_cmos rtc_cmos: setting system clock to 2024-10-25 15:32:01 UTC (1729870321)
[    1.344131] BIOS EDD facility v0.16 2004-Jun-25, 0 devices found
[    1.347738] EDD information not available.
[    1.353136] Freeing unused kernel image memory: 2480K
[    1.368623] Write protecting the kernel read-only data: 20480k
[    1.375462] Freeing unused kernel image memory: 2008K
[    1.379701] Freeing unused kernel image memory: 1820K
[    1.389315] x86/mm: Checked W+X mappings: passed, no W+X pages found.
[    1.394191] x86/mm: Checking user space page tables
[    1.402483] x86/mm: Checked W+X mappings: passed, no W+X pages found.
Loading, please wait...
starting version 237
[    1.472837] e1000: Intel(R) PRO/1000 Network Driver - version 7.3.21-k8-NAPI
[    1.477219] e1000: Copyright (c) 1999-2006 Intel Corporation.
[    1.482277] Fusion MPT base driver 3.04.20
[    1.484863] Copyright (c) 1999-2008 LSI Corporation
[    1.491813] Fusion MPT SPI Host driver 3.04.20
[    1.507289] AVX2 version of gcm_enc/dec engaged.
[    1.510045] AES CTR mode by8 optimization enabled
[    1.721482] input: ImExPS/2 Generic Explorer Mouse as /devices/platform/i8042/serio1/input/input4
[    1.990699] e1000 0000:00:03.0 eth0: (PCI:33MHz:32-bit) 02:3b:7b:b7:3b:2d
[    1.994615] e1000 0000:00:03.0 eth0: Intel(R) PRO/1000 Network Connection
[    2.000096] mptbase: ioc0: Initiating bringup
[    2.111589] ioc0: LSI53C1030 A0: Capabilities={Initiator}
[    2.363413] scsi host2: ioc0: LSI53C1030 A0, FwRev=00000000h, Ports=1, MaxQ=256, IRQ=20
[    2.537262] scsi 2:0:0:0: Direct-Access     VBOX     HARDDISK         1.0  PQ: 0 ANSI: 5
[    2.576486] scsi target2:0:0: Beginning Domain Validation
[    2.597239] scsi target2:0:0: Domain Validation skipping write tests
[    2.601470] scsi target2:0:0: Ending Domain Validation
[    2.616091] scsi target2:0:0: asynchronous
[    2.619203] scsi 2:0:1:0: Direct-Access     VBOX     HARDDISK         1.0  PQ: 0 ANSI: 5
[    2.860344] scsi target2:0:1: Beginning Domain Validation
[    2.866926] scsi target2:0:1: Domain Validation skipping write tests
[    2.870974] scsi target2:0:1: Ending Domain Validation
[    2.874367] scsi target2:0:1: asynchronous
[    2.885631] sd 2:0:0:0: Attached scsi generic sg0 type 0
[    2.892127] sd 2:0:0:0: [sda] 83886080 512-byte logical blocks: (42.9 GB/40.0 GiB)
[    2.897316] sd 2:0:0:0: [sda] Write Protect is off
[    2.901510] sd 2:0:1:0: Attached scsi generic sg1 type 0
[    2.905933] sd 2:0:1:0: [sdb] 20480 512-byte logical blocks: (10.5 MB/10.0 MiB)
[    2.911010] sd 2:0:0:0: [sda] Incomplete mode parameter data
[    2.915550] sd 2:0:0:0: [sda] Assuming drive cache: write through
[    2.919742] sd 2:0:1:0: [sdb] Write Protect is off
[    2.923802] sd 2:0:1:0: [sdb] Incomplete mode parameter data
[    2.927686] sd 2:0:1:0: [sdb] Assuming drive cache: write through
[    2.939450]  sda: sda1
[    2.944285] sd 2:0:0:0: [sda] Attached SCSI disk
[    2.953422] sd 2:0:1:0: [sdb] Attached SCSI disk
[    3.072251] e1000 0000:00:08.0 eth1: (PCI:33MHz:32-bit) 08:00:27:26:0a:2c
[    3.076218] e1000 0000:00:08.0 eth1: Intel(R) PRO/1000 Network Connection
[    3.082065] e1000 0000:00:03.0 enp0s3: renamed from eth0
[    3.149318] e1000 0000:00:08.0 enp0s8: renamed from eth1
Begin: Loading essential drivers ... [    5.254273] raid6: sse2x1   gen() 26273 MB/s
[    5.318830] raid6: sse2x1   xor()  8101 MB/s
[    5.409013] raid6: sse2x2   gen() 31129 MB/s
[    5.638691] raid6: sse2x2   xor() 44564 MB/s
[    5.994662] raid6: sse2x4   gen() 125753 MB/s
[    6.367683] raid6: sse2x4   xor() 83189 MB/s
[    6.487070] raid6: avx2x1   gen() 57675 MB/s
[    6.688923] raid6: avx2x1   xor() 22746 MB/s
[    6.766037] raid6: avx2x2   gen() 35654 MB/s
[    6.900632] raid6: avx2x2   xor() 40583 MB/s
[    7.225276] raid6: avx2x4   gen() 78486 MB/s
[    7.446366] raid6: avx2x4   xor() 99974 MB/s
[    7.450385] raid6: using algorithm sse2x4 gen() 125753 MB/s
[    7.454693] raid6: .... xor() 83189 MB/s, rmw enabled
[    7.458728] raid6: using avx2x2 recovery algorithm
[    7.463670] xor: automatically using best checksumming function   avx       
[    7.470693] async_tx: api initialized (async)
done.
Begin: Running /scripts/init-premount ... done.
Begin: Mounting root file system ... Begin: Running /scripts/local-top ... done.
Begin: Running /scripts/local-premount ... [    7.549279] Btrfs loaded, crc32c=crc32c-intel
Scanning for Btrfs filesystems
done.
Warning: fsck not present, so skipping root file system
[    7.579086] EXT4-fs (sda1): mounted filesystem with ordered data mode. Opts: (null)
done.
Begin: Running /scripts/local-bottom ... done.
Begin: Running /scripts/init-bottom ... done.
[    7.725963] ip_tables: (C) 2000-2006 Netfilter Core Team
[    7.738561] systemd[1]: systemd 237 running in system mode. (+PAM +AUDIT +SELINUX +IMA +APPARMOR +SMACK +SYSVINIT +UTMP +LIBCRYPTSETUP +GCRYPT +GNUTLS +ACL +XZ +LZ4 +SECCOMP +BLKID +ELFUTILS +KMOD -IDN2 +IDN -PCRE2 default-hierarchy=hybrid)
[    7.750481] systemd[1]: Detected virtualization oracle.
[    7.753599] systemd[1]: Detected architecture x86-64.

Welcome to [1mUbuntu 18.04.6 LTS[0m!

[    7.769623] systemd[1]: Set hostname to <ubuntu>.
[    7.775198] systemd[1]: Initializing machine ID from random generator.
[    7.778832] systemd[1]: Installed transient /etc/machine-id file.
[    7.991263] systemd[1]: Reached target Mounting snaps.
[[0;32m  OK  [0m] Reached target Mounting snaps.
[    7.999444] systemd[1]: Created slice System Slice.
[[0;32m  OK  [0m] Created slice System Slice.
[    8.003826] systemd[1]: Listening on Journal Socket.
[[0;32m  OK  [0m] Listening on Journal Socket.
[    8.008373] systemd[1]: Listening on udev Kernel Socket.
[[0;32m  OK  [0m] Listening on udev Kernel Socket.
         Starting Load Kernel Modules...
[[0;32m  OK  [0m] Listening on Syslog Socket.
         Starting Uncomplicated firewall...
[[0;32m  OK  [0m] Listening on Journal Socket (/dev/log).
[[0;32m  OK  [0m] Listening on LVM2 metadata daemon socket.
         Mounting Huge Pages File System...
[    8.027601] Loading iSCSI transport class v2.0-870.
[[0;32m  OK  [0m] Reached target Swap.
         Starting Set the console keyboard layout...
[[0;32m  OK  [0m] Listening on LVM2 poll daemon socket.
[[0;32m  OK  [0m] Reached target System Time Synchronized.
[[0;32m  OK  [0m] Reached target User and Group Name Lookups.
[[0;32m  OK  [0m] Listening on udev Control Socket.
         Starting udev Coldplug all Devices...
[[0;32m  OK  [0m] Listening on fsck to fsckd communication Socket.
         Starting File System Check on Root Device...
         Mounting Kernel Debug File System...
[[0;32m  OK  [0m] Listening on Journal Audit Socket.
         Starting Journal Service...
[[0;32m  OK  [0m] Started Forward Password Requests to Wall Directory Watch.
[[0;32m  OK  [0m] Set up automount Arbitrary Executab…rmats File System Automount Point.
[    8.083565] iscsi: registered transport (tcp)
[    8.098051] iscsi: registered transport (iser)
[[0;32m  OK  [0m] Reached target Mounted snaps.
[[0;32m  OK  [0m] Listening on /dev/initctl Compatibility Named Pipe.
         Starting Create list of required st…ce nodes for the current kernel...
[[0;32m  OK  [0m] Listening on Network Service Netlink Socket.
[[0;32m  OK  [0m] Created slice system-serial\x2dgetty.slice.
         Mounting POSIX Message Queue File System...
[[0;32m  OK  [0m] Listening on Device-mapper event daemon FIFOs.
         Starting Monitoring of LVM2 mirrors…ng dmeventd or progress polling...
[[0;32m  OK  [0m] Created slice User and Session Slice.
[[0;32m  OK  [0m] Reached target Slices.
[[0;32m  OK  [0m] Started Load Kernel Modules.
[[0;32m  OK  [0m] Started Uncomplicated firewall.
[[0;32m  OK  [0m] Mounted Huge Pages File System.
[[0;32m  OK  [0m] Mounted Kernel Debug File System.
[[0;32m  OK  [0m] Mounted POSIX Message Queue File System.
[[0;32m  OK  [0m] Started File System Check Daemon to report status.
         Mounting FUSE Control File System...
         Starting Apply Kernel Variables...
         Mounting Kernel Configuration File System...
[[0;32m  OK  [0m] Started Create list of required sta…vice nodes for the current kernel.
[[0;32m  OK  [0m] Mounted Kernel Configuration File System.
         Starting Create Static Device Nodes in /dev...
[[0;32m  OK  [0m] Mounted FUSE Control File System.
[[0;32m  OK  [0m] Started Journal Service.
[[0;32m  OK  [0m] Started LVM2 metadata daemon.
[[0;32m  OK  [0m] Started udev Coldplug all Devices.
[[0;32m  OK  [0m] Started File System Check on Root Device.
         Starting Remount Root and Kernel File Systems...
[[0;32m  OK  [0m] Started Create Static Device Nodes in /dev.
[[0;32m  OK  [0m] Started Apply Kernel Variables.
[[0;32m  OK  [0m] Started Remount Root and Kernel File Systems.
         Starting Flush Journal to Persistent Storage...
         Starting Load/Save Random Seed...
         Starting udev Kernel Device Manager...
[[0;32m  OK  [0m] Started Monitoring of LVM2 mirrors,…sing dmeventd or progress polling.
[[0;32m  OK  [0m] Started Load/Save Random Seed.
[[0;32m  OK  [0m] Started udev Kernel Device Manager.
[[0;32m  OK  [0m] Started Flush Journal to Persistent Storage.
[[0;32m  OK  [0m] Found device /dev/ttyS0.
[[0;32m  OK  [0m] Listening on Load/Save RF Kill Switch Status /dev/rfkill Watch.
         Mounting Arbitrary Executable File Formats File System...
[[0;32m  OK  [0m] Mounted Arbitrary Executable File Formats File System.
[[0;32m  OK  [0m] Started Set the console keyboard layout.
[[0;32m  OK  [0m] Started Dispatch Password Requests to Console Directory Watch.
[[0;32m  OK  [0m] Reached target Local Encrypted Volumes.
[[0;32m  OK  [0m] Reached target Local File Systems (Pre).
[[0;32m  OK  [0m] Reached target Local File Systems.
         Starting ebtables ruleset management...
         Starting Tell Plymouth To Write Out Runtime Data...
         Starting Commit a transient machine-id on disk...
         Starting Create Volatile Files and Directories...
         Starting AppArmor initialization...
         Starting Set console font and keymap...
[[0;32m  OK  [0m] Started Tell Plymouth To Write Out Runtime Data.
[[0;32m  OK  [0m] Started Create Volatile Files and Directories.
         Starting Update UTMP about System Boot/Shutdown...
[[0;32m  OK  [0m] Started Update UTMP about System Boot/Shutdown.
[[0;32m  OK  [0m] Started Commit a transient machine-id on disk.
[[0;32m  OK  [0m] Started ebtables ruleset management.
[[0;32m  OK  [0m] Started AppArmor initialization.
         Starting Load AppArmor profiles managed internally by snapd...
         Starting Initial cloud-init job (pre-networking)...
[[0;32m  OK  [0m] Started Load AppArmor profiles managed internally by snapd.
[[0;32m  OK  [0m] Started Set console font and keymap.
[   11.710447] cloud-init[804]: Cloud-init v. 23.1.2-0ubuntu0~18.04.1 running 'init-local' at Fri, 25 Oct 2024 15:32:11 +0000. Up 11.40 seconds.
[[0;32m  OK  [0m] Started Initial cloud-init job (pre-networking).
[[0;32m  OK  [0m] Reached target Network (Pre).
         Starting Network Service...
[[0;32m  OK  [0m] Started Network Service.
         Starting Network Name Resolution...
         Starting Wait for Network to be Configured...
[[0;32m  OK  [0m] Started Network Name Resolution.
[[0;32m  OK  [0m] Reached target Host and Network Name Lookups.
[[0;32m  OK  [0m] Reached target Network.
[[0;32m  OK  [0m] Started Wait for Network to be Configured.
         Starting Initial cloud-init job (metadata service crawler)...
[   14.242912] cloud-init[939]: Cloud-init v. 23.1.2-0ubuntu0~18.04.1 running 'init' at Fri, 25 Oct 2024 15:32:14 +0000. Up 14.10 seconds.
[   14.247382] cloud-init[939]: ci-info: ++++++++++++++++++++++++++++++++++++++Net device info+++++++++++++++++++++++++++++++++++++++
[   14.250926] cloud-init[939]: ci-info: +--------+-------+----------------------------+---------------+--------+-------------------+
[   14.254029] cloud-init[939]: ci-info: | Device |   Up  |          Address           |      Mask     | Scope  |     Hw-Address    |
[   14.257143] cloud-init[939]: ci-info: +--------+-------+----------------------------+---------------+--------+-------------------+
[   14.260248] cloud-init[939]: ci-info: | enp0s3 |  True |         10.0.2.15          | 255.255.255.0 | global | 02:3b:7b:b7:3b:2d |
[   14.263723] cloud-init[939]: ci-info: | enp0s3 |  True | fe80::3b:7bff:feb7:3b2d/64 |       .       |  link  | 02:3b:7b:b7:3b:2d |
[   14.267452] cloud-init[939]: ci-info: | enp0s8 | False |             .              |       .       |   .    | 08:00:27:26:0a:2c |
[   14.270992] cloud-init[939]: ci-info: |   lo   |  True |         127.0.0.1          |   255.0.0.0   |  host  |         .         |
[   14.274628] cloud-init[939]: ci-info: |   lo   |  True |          ::1/128           |       .       |  host  |         .         |
[   14.278492] cloud-init[939]: ci-info: +--------+-------+----------------------------+---------------+--------+-------------------+
[   14.281650] cloud-init[939]: ci-info: ++++++++++++++++++++++++++++Route IPv4 info+++++++++++++++++++++++++++++
[   14.284981] cloud-init[939]: ci-info: +-------+-------------+----------+-----------------+-----------+-------+
[   14.287456] cloud-init[939]: ci-info: | Route | Destination | Gateway  |     Genmask     | Interface | Flags |
[   14.289958] cloud-init[939]: ci-info: +-------+-------------+----------+-----------------+-----------+-------+
[   14.292496] cloud-init[939]: ci-info: |   0   |   0.0.0.0   | 10.0.2.2 |     0.0.0.0     |   enp0s3  |   UG  |
[   14.295592] cloud-init[939]: ci-info: |   1   |   10.0.2.0  | 0.0.0.0  |  255.255.255.0  |   enp0s3  |   U   |
[   14.298324] cloud-init[939]: ci-info: |   2   |   10.0.2.2  | 0.0.0.0  | 255.255.255.255 |   enp0s3  |   UH  |
[   14.300807] cloud-init[939]: ci-info: +-------+-------------+----------+-----------------+-----------+-------+
[   14.303333] cloud-init[939]: ci-info: +++++++++++++++++++Route IPv6 info+++++++++++++++++++
[   14.305408] cloud-init[939]: ci-info: +-------+-------------+---------+-----------+-------+
[   14.307645] cloud-init[939]: ci-info: | Route | Destination | Gateway | Interface | Flags |
[   14.310153] cloud-init[939]: ci-info: +-------+-------------+---------+-----------+-------+
[   14.312660] cloud-init[939]: ci-info: |   1   |  fe80::/64  |    ::   |   enp0s3  |   U   |
[   14.315364] cloud-init[939]: ci-info: |   3   |    local    |    ::   |   enp0s3  |   U   |
[   14.317725] cloud-init[939]: ci-info: |   4   |   ff00::/8  |    ::   |   enp0s3  |   U   |
[   14.320618] cloud-init[939]: ci-info: +-------+-------------+---------+-----------+-------+
[   14.977208] cloud-init[939]: Generating public/private rsa key pair.
[   14.979080] cloud-init[939]: Your identification has been saved in /etc/ssh/ssh_host_rsa_key.
[   14.981354] cloud-init[939]: Your public key has been saved in /etc/ssh/ssh_host_rsa_key.pub.
[   14.983714] cloud-init[939]: The key fingerprint is:
[   14.985546] cloud-init[939]: SHA256:Rds6JO7Z2QEdYuxYPAFsTGy7XcFM7UzRUGBZ9COA2kw root@ubuntu-bionic
[   14.988392] cloud-init[939]: The key's randomart image is:
[   14.990004] cloud-init[939]: +---[RSA 2048]----+
[   14.991446] cloud-init[939]: |       =o+**o.=X+|
[   14.992812] cloud-init[939]: |        *E===o+ o|
[   14.994193] cloud-init[939]: |       o*==.o* ..|
[   14.995740] cloud-init[939]: |       oo*.o. + .|
[   14.997074] cloud-init[939]: |        Soo..    |
[   14.998314] cloud-init[939]: |       ..o.+ .   |
[   14.999665] cloud-init[939]: |        o o .    |
[   15.001539] cloud-init[939]: |                 |
[   15.002817] cloud-init[939]: |                 |
[   15.004197] cloud-init[939]: +----[SHA256]-----+
[   15.005512] cloud-init[939]: Generating public/private dsa key pair.
[   15.007254] cloud-init[939]: Your identification has been saved in /etc/ssh/ssh_host_dsa_key.
[   15.009670] cloud-init[939]: Your public key has been saved in /etc/ssh/ssh_host_dsa_key.pub.
[   15.012102] cloud-init[939]: The key fingerprint is:
[   15.013973] cloud-init[939]: SHA256:J+Du63HafdCgOBLHeB62srKeYHGBMF3g7ieXYz8lM8o root@ubuntu-bionic
[   15.016497] cloud-init[939]: The key's randomart image is:
[   15.018038] cloud-init[939]: +---[DSA 1024]----+
[   15.019615] cloud-init[939]: |o..o.            |
[   15.021225] cloud-init[939]: |.oo              |
[   15.022605] cloud-init[939]: | ... o.          |
[   15.024001] cloud-init[939]: | .  +.*.  .      |
[   15.025536] cloud-init[939]: | ... *.+S..o     |
[   15.026982] cloud-init[939]: | .o ooO oo. .    |
[   15.028420] cloud-init[939]: |..o.*=o*.  .     |
[   15.029792] cloud-init[939]: |...*E+.= .  .    |
[   15.031184] cloud-init[939]: | .+o .*o. ..     |
[   15.032642] cloud-init[939]: +----[SHA256]-----+
[   15.034168] cloud-init[939]: Generating public/private ecdsa key pair.
[   15.036156] cloud-init[939]: Your identification has been saved in /etc/ssh/ssh_host_ecdsa_key.
[   15.038535] cloud-init[939]: Your public key has been saved in /etc/ssh/ssh_host_ecdsa_key.pub.
[   15.041079] cloud-init[939]: The key fingerprint is:
[   15.042551] cloud-init[939]: SHA256:veRJv3sQVwQwFvjtpTqVgmaPd3qYOfMRnUJ8hRZ8SiI root@ubuntu-bionic
[   15.045092] cloud-init[939]: The key's randomart image is:
[   15.046675] cloud-init[939]: +---[ECDSA 256]---+
[   15.048101] cloud-init[939]: |           .=+o=o|
[   15.049918] cloud-init[939]: |          E.o.= +|
[   15.051183] cloud-init[939]: |           o B = |
[   15.052478] cloud-init[939]: |         .  + =.o|
[   15.053753] cloud-init[939]: |        S +. =.=.|
[   15.055036] cloud-init[939]: |         +++o *. |
[   15.056332] cloud-init[939]: |         o+o.O.  |
[   15.057661] cloud-init[939]: |          . @.+. |
[   15.058925] cloud-init[939]: |           .+@.  |
[   15.060270] cloud-init[939]: +----[SHA256]-----+
[   15.061524] cloud-init[939]: Generating public/private ed25519 key pair.
[   15.063247] cloud-init[939]: Your identification has been saved in /etc/ssh/ssh_host_ed25519_key.
[   15.065530] cloud-init[939]: Your public key has been saved in /etc/ssh/ssh_host_ed25519_key.pub.
[   15.067799] cloud-init[939]: The key fingerprint is:
[   15.069135] cloud-init[939]: SHA256:/gYaxypsNJzgv5SMxTDeoSE914nKV+UzOM/IQWV6D0A root@ubuntu-bionic
[   15.072241] cloud-init[939]: The key's randomart image is:
[   15.073706] cloud-init[939]: +--[ED25519 256]--+
[   15.075475] cloud-init[939]: |     .E.+        |
[   15.076744] cloud-init[939]: | .   + O         |
[   15.078072] cloud-init[939]: |. * + O *        |
[   15.079314] cloud-init[939]: | +.@ + B =       |
[   15.080592] cloud-init[939]: | .=o=.o.S .      |
[   15.081870] cloud-init[939]: |  .==...+        |
[   15.083129] cloud-init[939]: |  .++. =..       |
[   15.084870] cloud-init[939]: |   .= o  ..      |
[   15.086186] cloud-init[939]: |   ..o   ..      |
[   15.087469] cloud-init[939]: +----[SHA256]-----+
[[0;32m  OK  [0m] Started Initial cloud-init job (metadata service crawler).
[[0;32m  OK  [0m] Reached target Network is Online.
         Starting Availability of block devices...
[[0;32m  OK  [0m] Reached target Remote File Systems (Pre).
[[0;32m  OK  [0m] Reached target Remote File Systems.
[[0;32m  OK  [0m] Reached target Cloud-config availability.
[[0;32m  OK  [0m] Reached target System Initialization.
[[0;32m  OK  [0m] Started Discard unused blocks once a week.
[[0;32m  OK  [0m] Listening on UUID daemon activation socket.
[[0;32m  OK  [0m] Started Daily apt download activities.
         Starting Socket activation for snappy daemon.
[[0;32m  OK  [0m] Listening on Open-iSCSI iscsid Socket.
[[0;32m  OK  [0m] Started Daily apt upgrade and clean activities.
[[0;32m  OK  [0m] Listening on cloud-init hotplug hook socket.
[[0;32m  OK  [0m] Started ACPI Events Check.
[[0;32m  OK  [0m] Reached target Paths.
[[0;32m  OK  [0m] Listening on ACPID Listen Socket.
[[0;32m  OK  [0m] Started Ubuntu Advantage Timer for running repeated jobs.
         Starting LXD - unix socket.
[[0;32m  OK  [0m] Started Daily Cleanup of Temporary Directories.
[[0;32m  OK  [0m] Listening on D-Bus System Message Bus Socket.
[[0;32m  OK  [0m] Started Message of the Day.
[[0;32m  OK  [0m] Reached target Timers.
[[0;32m  OK  [0m] Started Availability of block devices.
[[0;32m  OK  [0m] Listening on Socket activation for snappy daemon.
[[0;32m  OK  [0m] Listening on LXD - unix socket.
[[0;32m  OK  [0m] Reached target Sockets.
[[0;32m  OK  [0m] Reached target Basic System.
         Starting LSB: Record successful boot for GRUB...
[[0;32m  OK  [0m] Started irqbalance daemon.
[[0;32m  OK  [0m] Started D-Bus System Message Bus.
         Starting Accounts Service...
         Starting Pollinate to seed the pseudo random number generator...
         Starting Login Service...
         Starting LXD - container startup/shutdown...
         Starting Permit User Sessions...
         Starting Virtualbox guest utils...
[[0;32m  OK  [0m] Started Regular background program processing daemon.
         Starting System Logging Service...
[[0;32m  OK  [0m] Started FUSE filesystem for LXC.
[[0;32m  OK  [0m] Started Deferred execution scheduler.
         Starting Snap Daemon...
[[0;32m  OK  [0m] Reached target Login Prompts (Pre).
         Starting LSB: automatic crash report generation...
         Starting Dispatcher daemon for systemd-networkd...
[[0;32m  OK  [0m] Started System Logging Service.
[[0;32m  OK  [0m] Started LXD - container startup/shutdown.
[[0;32m  OK  [0m] Started Permit User Sessions.
[[0;32m  OK  [0m] Started Login Service.
         Starting Authorization Manager...
[[0;32m  OK  [0m] Started Unattended Upgrades Shutdown.
         Starting Hold until boot process finishes up...
         Starting Terminate Plymouth Boot Screen...
[[0;32m  OK  [0m] Started Hold until boot process finishes up.
[[0;32m  OK  [0m] Started Serial Getty on ttyS0.
         Starting Set console scheme...
[[0;32m  OK  [0m] Started Terminate Plymouth Boot Screen.
[[0;32m  OK  [0m] Started Set console scheme.
[[0;32m  OK  [0m] Created slice system-getty.slice.
[[0;32m  OK  [0m] Started Getty on tty1.
[[0;32m  OK  [0m] Reached target Login Prompts.
[[0;32m  OK  [0m] Started LSB: automatic crash report generation.
[[0;32m  OK  [0m] Started LSB: Record successful boot for GRUB.
[[0;32m  OK  [0m] Started Authorization Manager.
[[0;32m  OK  [0m] Started Accounts Service.
[[0;32m  OK  [0m] Started Virtualbox guest utils.
[[0;32m  OK  [0m] Started Dispatcher daemon for systemd-networkd.
[[0;32m  OK  [0m] Started Snap Daemon.
         Starting Wait until snapd is fully seeded...
[[0;32m  OK  [0m] Started Pollinate to seed the pseudo random number generator.
         Starting OpenBSD Secure Shell server...
[[0;32m  OK  [0m] Started OpenBSD Secure Shell server.
[[0;32m  OK  [0m] Created slice User Slice of vagrant.
         Starting User Manager for UID 1000...
[[0;32m  OK  [0m] Started Session 1 of user vagrant.
[[0;32m  OK  [0m] Started User Manager for UID 1000.
         Starting Time & Date Service...
[[0;32m  OK  [0m] Started Time & Date Service.
[[0;32m  OK  [0m] Started Wait until snapd is fully seeded.
         Starting Apply the settings specified in cloud-config...
[   19.253136] cloud-init[1660]: Cloud-init v. 23.1.2-0ubuntu0~18.04.1 running 'modules:config' at Fri, 25 Oct 2024 15:32:19 +0000. Up 18.86 seconds.
         Stopping User Manager for UID 1000...
[[0;32m  OK  [0m] Stopped User Manager for UID 1000.
[[0;32m  OK  [0m] Started Apply the settings specified in cloud-config.
[[0;32m  OK  [0m] Reached target Multi-User System.
[[0;32m  OK  [0m] Reached target Graphical Interface.
         Starting Update UTMP about System Runlevel Changes...
         Starting Execute cloud user/final scripts...
[[0;32m  OK  [0m] Removed slice User Slice of vagrant.
[[0;32m  OK  [0m] Started Update UTMP about System Runlevel Changes.
[[0;32m  OK  [0m] Created slice User Slice of vagrant.
         Starting User Manager for UID 1000...
[[0;32m  OK  [0m] Started Session 3 of user vagrant.
[[0;32m  OK  [0m] Started User Manager for UID 1000.
ci-info: no authorized SSH keys fingerprints found for user ubuntu.
<14>Oct 25 15:32:20 cloud-init: #############################################################
<14>Oct 25 15:32:20 cloud-init: -----BEGIN SSH HOST KEY FINGERPRINTS-----
<14>Oct 25 15:32:20 cloud-init: 1024 SHA256:J+Du63HafdCgOBLHeB62srKeYHGBMF3g7ieXYz8lM8o root@ubuntu-bionic (DSA)
<14>Oct 25 15:32:20 cloud-init: 256 SHA256:veRJv3sQVwQwFvjtpTqVgmaPd3qYOfMRnUJ8hRZ8SiI root@ubuntu-bionic (ECDSA)
<14>Oct 25 15:32:20 cloud-init: 256 SHA256:/gYaxypsNJzgv5SMxTDeoSE914nKV+UzOM/IQWV6D0A root@ubuntu-bionic (ED25519)
<14>Oct 25 15:32:20 cloud-init: 2048 SHA256:Rds6JO7Z2QEdYuxYPAFsTGy7XcFM7UzRUGBZ9COA2kw root@ubuntu-bionic (RSA)
<14>Oct 25 15:32:20 cloud-init: -----END SSH HOST KEY FINGERPRINTS-----
<14>Oct 25 15:32:20 cloud-init: #############################################################
-----BEGIN SSH HOST KEY KEYS-----
ecdsa-sha2-nistp256 AAAAE2VjZHNhLXNoYTItbmlzdHAyNTYAAAAIbmlzdHAyNTYAAABBBLiXJxaEr/onKKZW1/cpv0mVOZvSoUHuHPKCg6uAoIZw/tWMVvCsgClRIubepdkQInWUbDVVEj3EBQbL3XJZgaM= root@ubuntu-bionic
ssh-ed25519 AAAAC3NzaC1lZDI1NTE5AAAAIN+ywpbXn4gnKQDEW360clTBnehPfpDxOJeGS8GkfwU4 root@ubuntu-bionic
ssh-rsa AAAAB3NzaC1yc2EAAAADAQABAAABAQDOHegLQkkt6wwl/+7mg3zRFWbIkR/UZ2Oa5o+I020Cgqg03YIk3BP4cqbzpjU02nJqQ2FgGMQtv+j1MKeTaP9xZHLLTVT8wXuIOKSK9p67lpntm8OK28c9V6GhlDX7yfQnFbykLcZB8NRekqPO8Ok1YG1XLpDQbXTdCpgqk7Qbo6SESts3iPLj8aPwGkIdmIqmMOWF6EaPTmKmoB7L91RRWeE1P4qlk5mBbit7xhgnLReSemSb2bYxTQxQDiHBO6t6+YCwxaFnZWtrg0PY5JwWHil28mfdqYZuWVArnrekxepIDHZXa1Ez0uHtE1pt15npbGDmZsioQlK5cgD0ZBrV root@ubuntu-bionic
-----END SSH HOST KEY KEYS-----
[   19.997838] cloud-init[1908]: Cloud-init v. 23.1.2-0ubuntu0~18.04.1 running 'modules:final' at Fri, 25 Oct 2024 15:32:19 +0000. Up 19.78 seconds.
[   20.001271] cloud-init[1908]: Cloud-init v. 23.1.2-0ubuntu0~18.04.1 finished at Fri, 25 Oct 2024 15:32:20 +0000. Datasource DataSourceNoCloud [seed=/dev/sdb][dsmode=net].  Up 19.99 seconds
[[0;32m  OK  [0m] Started Execute cloud user/final scripts.
[[0;32m  OK  [0m] Reached target Cloud-init target.

Ubuntu 18.04.6 LTS ubuntu-bionic ttyS0

ubuntu-bionic login: 